[debug] [2023-08-31T21:16:26.702Z] ----------------------------------------------------------------------
[debug] [2023-08-31T21:16:26.704Z] Command:       C:\Program Files\nodejs\node.exe C:\Users\projwal\AppData\Roaming\npm\node_modules\firebase-tools\lib\bin\firebase.js init
[debug] [2023-08-31T21:16:26.704Z] CLI Version:   12.5.2
[debug] [2023-08-31T21:16:26.705Z] Platform:      win32
[debug] [2023-08-31T21:16:26.705Z] Node Version:  v18.17.1
[debug] [2023-08-31T21:16:26.706Z] Time:          Fri Sep 01 2023 02:46:26 GMT+0530 (India Standard Time)
[debug] [2023-08-31T21:16:26.707Z] ----------------------------------------------------------------------
[debug] 
[debug] [2023-08-31T21:16:26.716Z] > command requires scopes: ["email","openid","https://www.googleapis.com/auth/cloudplatformprojects.readonly","https://www.googleapis.com/auth/firebase","https://www.googleapis.com/auth/cloud-platform"]
[debug] [2023-08-31T21:16:26.717Z] > authorizing via signed-in user (alaladinniprajwal@gmail.com)
[info] 
     ######## #### ########  ######## ########     ###     ######  ########
     ##        ##  ##     ## ##       ##     ##  ##   ##  ##       ##
     ######    ##  ########  ######   ########  #########  ######  ######
     ##        ##  ##    ##  ##       ##     ## ##     ##       ## ##
     ##       #### ##     ## ######## ########  ##     ##  ######  ########

You're about to initialize a Firebase project in this directory:

  C:\Users\projwal\OneDrive\Desktop\facebook-messenge-clone

[info] 
=== Project Setup
[info] 
[info] First, let's associate this project directory with a Firebase project.
[info] You can create multiple project aliases by running firebase use --add, 
[info] but for now we'll just set up a default project.
[info] 
[debug] [2023-08-31T21:16:48.342Z] > refreshing access token with scopes: []
[debug] [2023-08-31T21:16:48.344Z] >>> [apiv2][query] POST https://www.googleapis.com/oauth2/v3/token [none]
[debug] [2023-08-31T21:16:48.344Z] >>> [apiv2][body] POST https://www.googleapis.com/oauth2/v3/token [omitted]
[debug] [2023-08-31T21:16:48.685Z] <<< [apiv2][status] POST https://www.googleapis.com/oauth2/v3/token 200
[debug] [2023-08-31T21:16:48.686Z] <<< [apiv2][body] POST https://www.googleapis.com/oauth2/v3/token [omitted]
[debug] [2023-08-31T21:16:48.807Z] >>> [apiv2][query] GET https://firebase.googleapis.com/v1beta1/projects pageSize=100
[debug] [2023-08-31T21:16:49.913Z] <<< [apiv2][status] GET https://firebase.googleapis.com/v1beta1/projects 200
[debug] [2023-08-31T21:16:49.913Z] <<< [apiv2][body] GET https://firebase.googleapis.com/v1beta1/projects [omitted]
[info] i  Using project facebook-messenger-clone-38b78 (facebook-messenger-clone) 
[info] 
=== Hosting Setup
[info] 
[info] Your public directory is the folder (relative to your project directory) that
[info] will contain Hosting assets to be uploaded with firebase deploy. If you
[info] have a build process for your assets, use your build's output directory.
[info] 
